2024-11-20T03:26:01.594972Z 0 [Warning] [MY-010097] [Server] Insecure configuration for --secure-file-priv: Current value does not restrict location of generated files. Consider setting it to a valid, non-empty path.
2024-11-20T03:26:01.595038Z 0 [Warning] [MY-010918] [Server] 'default_authentication_plugin' is deprecated and will be removed in a future release. Please use authentication_policy instead.
2024-11-20T03:26:01.595078Z 0 [System] [MY-010116] [Server] C:\DevTools\laragon\bin\mysql\mysql-8.0.30-winx64\bin\mysqld (mysqld 8.0.30) starting as process 15444
2024-11-20T03:26:01.629978Z 1 [System] [MY-013576] [InnoDB] InnoDB initialization has started.
2024-11-20T03:26:01.800521Z 1 [System] [MY-013577] [InnoDB] InnoDB initialization has ended.
2024-11-20T03:26:02.082063Z 0 [Warning] [MY-013829] [Server] Missing data directory for ICU regular expressions: C:\DevTools\laragon\bin\mysql\mysql-8.0.30-winx64\lib\private\.
2024-11-20T03:26:02.086207Z 0 [Warning] [MY-010068] [Server] CA certificate ca.pem is self signed.
2024-11-20T03:26:02.086491Z 0 [System] [MY-013602] [Server] Channel mysql_main configured to support TLS. Encrypted connections are now supported for this channel.
2024-11-20T03:26:02.118879Z 0 [System] [MY-011323] [Server] X Plugin ready for connections. Bind-address: '::' port: 33060
2024-11-20T03:26:02.118934Z 0 [System] [MY-010931] [Server] C:\DevTools\laragon\bin\mysql\mysql-8.0.30-winx64\bin\mysqld: ready for connections. Version: '8.0.30'  socket: ''  port: 3306  MySQL Community Server - GPL.
2024-11-20T03:27:20.468538Z 9 [System] [MY-013172] [Server] Received SHUTDOWN from user root. Shutting down mysqld (Version: 8.0.30).
2024-11-20T03:27:20.469315Z 0 [System] [MY-013105] [Server] C:\DevTools\laragon\bin\mysql\mysql-8.0.30-winx64\bin\mysqld: Normal shutdown.
2024-11-20T03:27:20.820417Z 0 [System] [MY-010910] [Server] C:\DevTools\laragon\bin\mysql\mysql-8.0.30-winx64\bin\mysqld: Shutdown complete (mysqld 8.0.30)  MySQL Community Server - GPL.
2024-11-20T03:27:43.570133Z 0 [Warning] [MY-010097] [Server] Insecure configuration for --secure-file-priv: Current value does not restrict location of generated files. Consider setting it to a valid, non-empty path.
2024-11-20T03:27:43.570209Z 0 [Warning] [MY-010918] [Server] 'default_authentication_plugin' is deprecated and will be removed in a future release. Please use authentication_policy instead.
2024-11-20T03:27:43.570253Z 0 [System] [MY-010116] [Server] C:\DevTools\laragon\bin\mysql\mysql-8.0.30-winx64\bin\mysqld (mysqld 8.0.30) starting as process 11016
2024-11-20T03:27:43.600000Z 1 [System] [MY-013576] [InnoDB] InnoDB initialization has started.
2024-11-20T03:27:43.765739Z 1 [System] [MY-013577] [InnoDB] InnoDB initialization has ended.
2024-11-20T03:27:44.061898Z 0 [Warning] [MY-013829] [Server] Missing data directory for ICU regular expressions: C:\DevTools\laragon\bin\mysql\mysql-8.0.30-winx64\lib\private\.
2024-11-20T03:27:44.066049Z 0 [Warning] [MY-010068] [Server] CA certificate ca.pem is self signed.
2024-11-20T03:27:44.066340Z 0 [System] [MY-013602] [Server] Channel mysql_main configured to support TLS. Encrypted connections are now supported for this channel.
2024-11-20T03:27:44.098148Z 0 [System] [MY-011323] [Server] X Plugin ready for connections. Bind-address: '::' port: 33060
2024-11-20T03:27:44.098218Z 0 [System] [MY-010931] [Server] C:\DevTools\laragon\bin\mysql\mysql-8.0.30-winx64\bin\mysqld: ready for connections. Version: '8.0.30'  socket: ''  port: 3306  MySQL Community Server - GPL.
2024-11-20T03:28:02.886615Z 8 [Warning] [MY-013360] [Server] Plugin sha256_password reported: ''sha256_password' is deprecated and will be removed in a future release. Please use caching_sha2_password instead'
2024-11-20T03:42:34.844775Z 13 [Warning] [MY-013360] [Server] Plugin sha256_password reported: ''sha256_password' is deprecated and will be removed in a future release. Please use caching_sha2_password instead'
2024-11-20T03:51:36.670467Z 0 [Warning] [MY-010097] [Server] Insecure configuration for --secure-file-priv: Current value does not restrict location of generated files. Consider setting it to a valid, non-empty path.
2024-11-20T03:51:36.670536Z 0 [Warning] [MY-010918] [Server] 'default_authentication_plugin' is deprecated and will be removed in a future release. Please use authentication_policy instead.
2024-11-20T03:51:36.670673Z 0 [System] [MY-010116] [Server] C:\DevTools\laragon\bin\mysql\mysql-8.0.30-winx64\bin\mysqld (mysqld 8.0.30) starting as process 10704
2024-11-20T03:51:36.754959Z 1 [System] [MY-013576] [InnoDB] InnoDB initialization has started.
2024-11-20T03:51:36.755991Z 1 [ERROR] [MY-012271] [InnoDB] The innodb_system data file 'ibdata1' must be writable
2024-11-20T03:51:36.756315Z 1 [ERROR] [MY-012278] [InnoDB] The innodb_system data file 'ibdata1' must be writable
2024-11-20T03:51:36.756624Z 1 [ERROR] [MY-010334] [Server] Failed to initialize DD Storage Engine
2024-11-20T03:51:36.757092Z 0 [ERROR] [MY-010020] [Server] Data Dictionary initialization failed.
2024-11-20T03:51:36.757369Z 0 [ERROR] [MY-010119] [Server] Aborting
2024-11-20T03:51:36.760962Z 0 [System] [MY-010910] [Server] C:\DevTools\laragon\bin\mysql\mysql-8.0.30-winx64\bin\mysqld: Shutdown complete (mysqld 8.0.30)  MySQL Community Server - GPL.
2024-11-20T03:58:23.438995Z 0 [Warning] [MY-010097] [Server] Insecure configuration for --secure-file-priv: Current value does not restrict location of generated files. Consider setting it to a valid, non-empty path.
2024-11-20T03:58:23.439032Z 0 [Warning] [MY-010918] [Server] 'default_authentication_plugin' is deprecated and will be removed in a future release. Please use authentication_policy instead.
2024-11-20T03:58:23.439054Z 0 [System] [MY-010116] [Server] C:\DevTools\laragon\bin\mysql\mysql-8.0.30-winx64\bin\mysqld (mysqld 8.0.30) starting as process 16832
2024-11-20T03:58:23.476648Z 1 [System] [MY-013576] [InnoDB] InnoDB initialization has started.
2024-11-20T03:58:23.477615Z 1 [ERROR] [MY-012271] [InnoDB] The innodb_system data file 'ibdata1' must be writable
2024-11-20T03:58:23.477970Z 1 [ERROR] [MY-012278] [InnoDB] The innodb_system data file 'ibdata1' must be writable
2024-11-20T03:58:23.478283Z 1 [ERROR] [MY-010334] [Server] Failed to initialize DD Storage Engine
2024-11-20T03:58:23.478730Z 0 [ERROR] [MY-010020] [Server] Data Dictionary initialization failed.
2024-11-20T03:58:23.479178Z 0 [ERROR] [MY-010119] [Server] Aborting
2024-11-20T03:58:23.481605Z 0 [System] [MY-010910] [Server] C:\DevTools\laragon\bin\mysql\mysql-8.0.30-winx64\bin\mysqld: Shutdown complete (mysqld 8.0.30)  MySQL Community Server - GPL.
2024-11-20T04:02:59.812551Z 16 [Warning] [MY-013360] [Server] Plugin sha256_password reported: ''sha256_password' is deprecated and will be removed in a future release. Please use caching_sha2_password instead'
2024-11-20T04:05:06.740965Z 0 [Warning] [MY-010097] [Server] Insecure configuration for --secure-file-priv: Current value does not restrict location of generated files. Consider setting it to a valid, non-empty path.
2024-11-20T04:05:06.741031Z 0 [Warning] [MY-010918] [Server] 'default_authentication_plugin' is deprecated and will be removed in a future release. Please use authentication_policy instead.
2024-11-20T04:05:06.741070Z 0 [System] [MY-010116] [Server] C:\DevTools\laragon\bin\mysql\mysql-8.0.30-winx64\bin\mysqld (mysqld 8.0.30) starting as process 2216
2024-11-20T04:05:06.773791Z 1 [System] [MY-013576] [InnoDB] InnoDB initialization has started.
2024-11-20T04:05:07.216278Z 1 [System] [MY-013577] [InnoDB] InnoDB initialization has ended.
2024-11-20T04:05:07.408734Z 0 [System] [MY-010229] [Server] Starting XA crash recovery...
2024-11-20T04:05:07.412438Z 0 [System] [MY-010232] [Server] XA crash recovery finished.
2024-11-20T04:05:07.517944Z 0 [Warning] [MY-013829] [Server] Missing data directory for ICU regular expressions: C:\DevTools\laragon\bin\mysql\mysql-8.0.30-winx64\lib\private\.
2024-11-20T04:05:07.522570Z 0 [Warning] [MY-010068] [Server] CA certificate ca.pem is self signed.
2024-11-20T04:05:07.522913Z 0 [System] [MY-013602] [Server] Channel mysql_main configured to support TLS. Encrypted connections are now supported for this channel.
2024-11-20T04:05:07.555556Z 0 [System] [MY-011323] [Server] X Plugin ready for connections. Bind-address: '::' port: 33060
2024-11-20T04:05:07.555627Z 0 [System] [MY-010931] [Server] C:\DevTools\laragon\bin\mysql\mysql-8.0.30-winx64\bin\mysqld: ready for connections. Version: '8.0.30'  socket: ''  port: 3306  MySQL Community Server - GPL.
2024-11-20T04:21:08.189447Z 0 [Warning] [MY-010097] [Server] Insecure configuration for --secure-file-priv: Current value does not restrict location of generated files. Consider setting it to a valid, non-empty path.
2024-11-20T04:21:08.189502Z 0 [Warning] [MY-010918] [Server] 'default_authentication_plugin' is deprecated and will be removed in a future release. Please use authentication_policy instead.
2024-11-20T04:21:08.189530Z 0 [System] [MY-010116] [Server] C:\DevTools\laragon\bin\mysql\mysql-8.0.30-winx64\bin\mysqld (mysqld 8.0.30) starting as process 14340
2024-11-20T04:21:08.220938Z 1 [System] [MY-013576] [InnoDB] InnoDB initialization has started.
2024-11-20T04:21:08.221538Z 1 [ERROR] [MY-012271] [InnoDB] The innodb_system data file 'ibdata1' must be writable
2024-11-20T04:21:08.221833Z 1 [ERROR] [MY-012278] [InnoDB] The innodb_system data file 'ibdata1' must be writable
2024-11-20T04:21:08.222128Z 1 [ERROR] [MY-010334] [Server] Failed to initialize DD Storage Engine
2024-11-20T04:21:08.222588Z 0 [ERROR] [MY-010020] [Server] Data Dictionary initialization failed.
2024-11-20T04:21:08.223035Z 0 [ERROR] [MY-010119] [Server] Aborting
2024-11-20T04:21:08.224842Z 0 [System] [MY-010910] [Server] C:\DevTools\laragon\bin\mysql\mysql-8.0.30-winx64\bin\mysqld: Shutdown complete (mysqld 8.0.30)  MySQL Community Server - GPL.
